# JRE version: OpenJDK Runtime Environment (17.0.6) (build 17.0.6+0-b2043.56-10027231)
# Java VM: OpenJDK 64-Bit Server VM (17.0.6+0-b2043.56-10027231, mixed mode, tiered, compressed oops, compressed class ptrs, g1 gc, windows-amd64)
GC Precious Log:
 CPUs: 8 total, 8 available
 Memory: 16283M
 Large Page Support: Disabled
 NUMA Support: Disabled
 Compressed Oops: Enabled (32-bit)
 Heap Region Size: 1M
 Heap Min Capacity: 8M
 Heap Initial Capacity: 256M
 Heap Max Capacity: 2G
 Pre-touch: Disabled
 Parallel Workers: 8
 Concurrent Workers: 2
 Concurrent Refinement Workers: 8
 Periodic GC: Disabled
Heap:
 garbage-first heap   total 307200K, used 260096K [0x0000000080000000, 0x0000000100000000)
  region size 1024K, 2 young (2048K), 2 survivors (2048K)
 Metaspace       used 127132K, committed 127936K, reserved 1163264K
  class space    used 16746K, committed 17152K, reserved 1048576K
GC Heap History (20 events):
Event: 18.097 GC heap after
{Heap after GC invocations=54 (full 0):
 garbage-first heap   total 201728K, used 125741K [0x0000000080000000, 0x0000000100000000)
  region size 1024K, 6 young (6144K), 6 survivors (6144K)
 Metaspace       used 106210K, committed 106944K, reserved 1146880K
  class space    used 14354K, committed 14720K, reserved 1048576K
}
Event: 18.392 GC heap before
{Heap before GC invocations=55 (full 0):
 garbage-first heap   total 227328K, used 165677K [0x0000000080000000, 0x0000000100000000)
  region size 1024K, 46 young (47104K), 6 survivors (6144K)
 Metaspace       used 107030K, committed 107776K, reserved 1146880K
  class space    used 14443K, committed 14784K, reserved 1048576K
}
Event: 18.398 GC heap after
{Heap after GC invocations=56 (full 0):
 garbage-first heap   total 227328K, used 131769K [0x0000000080000000, 0x0000000100000000)
  region size 1024K, 6 young (6144K), 6 survivors (6144K)
 Metaspace       used 107030K, committed 107776K, reserved 1146880K
  class space    used 14443K, committed 14784K, reserved 1048576K
}
Event: 18.424 GC heap before
{Heap before GC invocations=56 (full 0):
 garbage-first heap   total 227328K, used 136889K [0x0000000080000000, 0x0000000100000000)
  region size 1024K, 11 young (11264K), 6 survivors (6144K)
 Metaspace       used 107061K, committed 107776K, reserved 1146880K
  class space    used 14444K, committed 14784K, reserved 1048576K
}
Event: 18.428 GC heap after
{Heap after GC invocations=57 (full 0):
 garbage-first heap   total 302080K, used 128258K [0x0000000080000000, 0x0000000100000000)
  region size 1024K, 1 young (1024K), 1 survivors (1024K)
 Metaspace       used 107061K, committed 107776K, reserved 1146880K
  class space    used 14444K, committed 14784K, reserved 1048576K
}
Event: 19.384 GC heap before
{Heap before GC invocations=57 (full 0):
 garbage-first heap   total 302080K, used 247042K [0x0000000080000000, 0x0000000100000000)
  region size 1024K, 113 young (115712K), 1 survivors (1024K)
 Metaspace       used 113484K, committed 114240K, reserved 1155072K
  class space    used 15151K, committed 15552K, reserved 1048576K
}
Event: 19.388 GC heap after
{Heap after GC invocations=58 (full 0):
 garbage-first heap   total 302080K, used 134890K [0x0000000080000000, 0x0000000100000000)
  region size 1024K, 8 young (8192K), 8 survivors (8192K)
 Metaspace       used 113484K, committed 114240K, reserved 1155072K
  class space    used 15151K, committed 15552K, reserved 1048576K
}
Event: 19.490 GC heap before
{Heap before GC invocations=58 (full 0):
 garbage-first heap   total 302080K, used 143082K [0x0000000080000000, 0x0000000100000000)
  region size 1024K, 18 young (18432K), 8 survivors (8192K)
 Metaspace       used 114938K, committed 115648K, reserved 1155072K
  class space    used 15329K, committed 15680K, reserved 1048576K
}
Event: 19.493 GC heap after
{Heap after GC invocations=59 (full 0):
 garbage-first heap   total 302080K, used 135693K [0x0000000080000000, 0x0000000100000000)
  region size 1024K, 1 young (1024K), 1 survivors (1024K)
 Metaspace       used 114938K, committed 115648K, reserved 1155072K
  class space    used 15329K, committed 15680K, reserved 1048576K
}
Event: 21.060 GC heap before
{Heap before GC invocations=60 (full 0):
 garbage-first heap   total 302080K, used 250381K [0x0000000080000000, 0x0000000100000000)
  region size 1024K, 108 young (110592K), 1 survivors (1024K)
 Metaspace       used 121861K, committed 122624K, reserved 1155072K
  class space    used 16021K, committed 16384K, reserved 1048576K
}
Event: 21.081 GC heap after
{Heap after GC invocations=61 (full 0):
 garbage-first heap   total 307200K, used 193022K [0x0000000080000000, 0x0000000100000000)
  region size 1024K, 14 young (14336K), 14 survivors (14336K)
 Metaspace       used 121861K, committed 122624K, reserved 1155072K
  class space    used 16021K, committed 16384K, reserved 1048576K
}
Event: 21.090 GC heap before
{Heap before GC invocations=61 (full 0):
 garbage-first heap   total 307200K, used 194046K [0x0000000080000000, 0x0000000100000000)
  region size 1024K, 15 young (15360K), 14 survivors (14336K)
 Metaspace       used 121861K, committed 122624K, reserved 1155072K
  class space    used 16021K, committed 16384K, reserved 1048576K
}
Event: 21.100 GC heap after
{Heap after GC invocations=62 (full 0):
 garbage-first heap   total 307200K, used 193465K [0x0000000080000000, 0x0000000100000000)
  region size 1024K, 2 young (2048K), 2 survivors (2048K)
 Metaspace       used 121861K, committed 122624K, reserved 1155072K
  class space    used 16021K, committed 16384K, reserved 1048576K
}
Event: 21.708 GC heap before
{Heap before GC invocations=62 (full 0):
 garbage-first heap   total 307200K, used 232377K [0x0000000080000000, 0x0000000100000000)
  region size 1024K, 38 young (38912K), 2 survivors (2048K)
 Metaspace       used 126752K, committed 127552K, reserved 1163264K
  class space    used 16715K, committed 17088K, reserved 1048576K
}
Event: 21.713 GC heap after
{Heap after GC invocations=63 (full 0):
 garbage-first heap   total 307200K, used 205824K [0x0000000080000000, 0x0000000100000000)
  region size 1024K, 5 young (5120K), 5 survivors (5120K)
 Metaspace       used 126752K, committed 127552K, reserved 1163264K
  class space    used 16715K, committed 17088K, reserved 1048576K
}
Event: 21.952 GC heap before
{Heap before GC invocations=63 (full 0):
 garbage-first heap   total 307200K, used 238592K [0x0000000080000000, 0x0000000100000000)
  region size 1024K, 37 young (37888K), 5 survivors (5120K)
 Metaspace       used 127127K, committed 127936K, reserved 1163264K
  class space    used 16746K, committed 17152K, reserved 1048576K
}
Event: 21.961 GC heap after
{Heap after GC invocations=64 (full 0):
 garbage-first heap   total 307200K, used 233686K [0x0000000080000000, 0x0000000100000000)
  region size 1024K, 5 young (5120K), 5 survivors (5120K)
 Metaspace       used 127127K, committed 127936K, reserved 1163264K
  class space    used 16746K, committed 17152K, reserved 1048576K
}
Event: 22.000 GC heap before
{Heap before GC invocations=64 (full 0):
 garbage-first heap   total 307200K, used 249046K [0x0000000080000000, 0x0000000100000000)
  region size 1024K, 20 young (20480K), 5 survivors (5120K)
 Metaspace       used 127127K, committed 127936K, reserved 1163264K
  class space    used 16746K, committed 17152K, reserved 1048576K
}
Event: 22.010 GC heap after
{Heap after GC invocations=65 (full 0):
 garbage-first heap   total 307200K, used 250368K [0x0000000080000000, 0x0000000100000000)
  region size 1024K, 3 young (3072K), 3 survivors (3072K)
 Metaspace       used 127127K, committed 127936K, reserved 1163264K
  class space    used 16746K, committed 17152K, reserved 1048576K
}
Event: 22.078 GC heap before
{Heap before GC invocations=65 (full 0):
 garbage-first heap   total 307200K, used 262656K [0x0000000080000000, 0x0000000100000000)
  region size 1024K, 15 young (15360K), 3 survivors (3072K)
 Metaspace       used 127132K, committed 127936K, reserved 1163264K
  class space    used 16746K, committed 17152K, reserved 1048576K
}

